GROUP,PACKAGE,CLASS,INSTRUCTION_MISSED,INSTRUCTION_COVERED,BRANCH_MISSED,BRANCH_COVERED,LINE_MISSED,LINE_COVERED,COMPLEXITY_MISSED,COMPLEXITY_COVERED,METHOD_MISSED,METHOD_COVERED
GraphQL Code Generator Maven Plugin,io.github.deweyjose.graphqlcodegen,SchemaFileService,29,273,10,20,7,62,8,22,0,15
GraphQL Code Generator Maven Plugin,io.github.deweyjose.graphqlcodegen,DependencySchemaExtractor,3,85,0,10,1,21,1,7,1,2
GraphQL Code Generator Maven Plugin,io.github.deweyjose.graphqlcodegen,ParameterMap,4,10,0,0,1,4,1,3,1,3
GraphQL Code Generator Maven Plugin,io.github.deweyjose.graphqlcodegen,SchemaManifestService,15,183,1,11,3,47,1,14,0,9
GraphQL Code Generator Maven Plugin,io.github.deweyjose.graphqlcodegen,Codegen,58,0,2,0,13,0,5,0,4,0
GraphQL Code Generator Maven Plugin,io.github.deweyjose.graphqlcodegen,CodegenExecutor,15,307,3,11,4,86,3,10,0,6
GraphQL Code Generator Maven Plugin,io.github.deweyjose.graphqlcodegen,TypeMappingService,3,106,2,14,2,24,2,10,0,4
GraphQL Code Generator Maven Plugin,io.github.deweyjose.codegen.generated,GeneratedCodeGenConfigBuilder,0,315,0,0,0,90,0,46,0,46
