GROUP,PACKAGE,CLASS,INSTRUCTION_MISSED,INSTRUCTION_COVERED,BRANCH_MISSED,BRANCH_COVERED,LINE_MISSED,LINE_COVERED,COMPLEXITY_MISSED,COMPLEXITY_COVERED,METHOD_MISSED,METHOD_COVERED
GraphQL Code Generator Maven Plugin,io.github.deweyjose.graphqlcodegen.services,SchemaManifestService,9,189,0,12,2,48,0,15,0,9
GraphQL Code Generator Maven Plugin,io.github.deweyjose.graphqlcodegen.services,TypeMappingService,3,106,2,14,2,24,2,10,0,4
GraphQL Code Generator Maven Plugin,io.github.deweyjose.graphqlcodegen.services,SchemaFileService,19,368,7,33,4,87,6,31,0,17
GraphQL Code Generator Maven Plugin,io.github.deweyjose.graphqlcodegen,ParameterMap,0,14,0,0,0,5,0,4,0,4
GraphQL Code Generator Maven Plugin,io.github.deweyjose.graphqlcodegen,Codegen,67,0,4,0,17,0,6,0,4,0
GraphQL Code Generator Maven Plugin,io.github.deweyjose.graphqlcodegen,CodegenExecutor,10,292,2,10,2,84,2,10,0,6
GraphQL Code Generator Maven Plugin,io.github.deweyjose.graphqlcodegen,Logger,36,3,7,1,12,2,8,1,4,1
GraphQL Code Generator Maven Plugin,io.github.deweyjose.codegen.generated,GeneratedCodeGenConfigBuilder,0,315,0,0,0,90,0,46,0,46
