GROUP,PACKAGE,CLASS,INSTRUCTION_MISSED,INSTRUCTION_COVERED,BRANCH_MISSED,BRANCH_COVERED,LINE_MISSED,LINE_COVERED,COMPLEXITY_MISSED,COMPLEXITY_COVERED,METHOD_MISSED,METHOD_COVERED
GraphQL Code Generator Maven Plugin,io.github.deweyjose.graphqlcodegen,SchemaFileService,19,283,7,23,4,65,6,24,0,15
GraphQL Code Generator Maven Plugin,io.github.deweyjose.graphqlcodegen,DependencySchemaExtractor,3,85,0,10,1,21,1,7,1,2
GraphQL Code Generator Maven Plugin,io.github.deweyjose.graphqlcodegen,ParameterMap,0,14,0,0,0,5,0,4,0,4
GraphQL Code Generator Maven Plugin,io.github.deweyjose.graphqlcodegen,SchemaManifestService,9,189,0,12,2,48,0,15,0,9
GraphQL Code Generator Maven Plugin,io.github.deweyjose.graphqlcodegen,Codegen,66,0,4,0,16,0,6,0,4,0
GraphQL Code Generator Maven Plugin,io.github.deweyjose.graphqlcodegen,CodegenExecutor,10,304,2,10,2,85,2,10,0,6
GraphQL Code Generator Maven Plugin,io.github.deweyjose.graphqlcodegen,TypeMappingService,3,106,2,14,2,24,2,10,0,4
GraphQL Code Generator Maven Plugin,io.github.deweyjose.codegen.generated,GeneratedCodeGenConfigBuilder,0,315,0,0,0,90,0,46,0,46
