GROUP,PACKAGE,CLASS,INSTRUCTION_MISSED,INSTRUCTION_COVERED,BRANCH_MISSED,BRANCH_COVERED,LINE_MISSED,LINE_COVERED,COMPLEXITY_MISSED,COMPLEXITY_COVERED,METHOD_MISSED,METHOD_COVERED
GraphQL Code Generator Maven Plugin,io.github.deweyjose.graphqlcodegen,DependencySchemaExtractor,3,90,0,10,1,20,1,7,1,2
GraphQL Code Generator Maven Plugin,io.github.deweyjose.graphqlcodegen,ParameterMap,4,10,0,0,1,4,1,3,1,3
GraphQL Code Generator Maven Plugin,io.github.deweyjose.graphqlcodegen,Codegen,32,0,2,0,7,0,5,0,4,0
GraphQL Code Generator Maven Plugin,io.github.deweyjose.graphqlcodegen,CodegenExecutor,36,593,12,36,10,147,11,29,0,16
GraphQL Code Generator Maven Plugin,io.github.deweyjose.graphqlcodegen,SchemaFileManifest,25,236,7,21,6,57,6,19,0,11
GraphQL Code Generator Maven Plugin,io.github.deweyjose.codegen.generated,GeneratedCodeGenConfigBuilder,0,315,0,0,0,90,0,46,0,46
